Input the action (add, remove, import, export, ask, exit, log, hardest card, reset stats):
add
Card:
Russia
The definition of the card:
Moscow
The pair ("Russia":"Moscow") has been added.

Input the action (add, remove, import, export, ask, exit, log, hardest card, reset stats):
add
Card:
USA
The definition of the card:
Washington
The pair ("USA":"Washington") has been added.

Input the action (add, remove, import, export, ask, exit, log, hardest card, reset stats):
France
Input the action (add, remove, import, export, ask, exit, log, hardest card, reset stats):
Paris
Input the action (add, remove, import, export, ask, exit, log, hardest card, reset stats):
add
Card:
France
The definition of the card:
Paris
The pair ("France":"Paris") has been added.

Input the action (add, remove, import, export, ask, exit, log, hardest card, reset stats):
log
File name:
flashcard.log
